In file included from ../../../../../taller3/conjunto-tests.cpp:2:
./Conjunto.hpp: In instantiation of ‘Conjunto<T>::Conjunto() [with T = int]’:
../../../../../taller3/conjunto-tests.cpp:9:19:   required from here
./Conjunto.h:63:15: warning: ‘Conjunto<int>::_raiz’ will be initialized after [-Wreorder]
   63 |         Nodo* _raiz;
      |               ^~~~~
./Conjunto.h:49:13: warning:   ‘int Conjunto<int>::_cardinal’ [-Wreorder]
   49 |         int _cardinal;
      |             ^~~~~~~~~
In file included from ./Conjunto.h:77,
                 from ../../../../../taller3/conjunto-tests.cpp:2:
./Conjunto.hpp:3:1: warning:   when initialized here [-Wreorder]
    3 | Conjunto<T>::Conjunto(): _raiz(nullptr),_cardinal(0) {// Completar
      | ^~~~~~~~~~~
In file included from ../../../../../taller3/conjunto-tests.cpp:1:
../../../../../taller3/google-test/gtest-1.8.1/gtest.h: In instantiation of ‘testing::AssertionResult testing::internal::CmpHelperEQ(const char*, const char*, const T1&, const T2&) [with T1 = unsigned int; T2 = int]’:
../../../../../taller3/google-test/gtest-1.8.1/gtest.h:21235:23:   required from ‘static testing::AssertionResult testing::internal::EqHelper<lhs_is_null_literal>::Compare(const char*, const char*, const T1&, const T2&) [with T1 = unsigned int; T2 = int; bool lhs_is_null_literal = false]’
../../../../../taller3/conjunto-tests.cpp:10:5:   required from here
../../../../../taller3/google-test/gtest-1.8.1/gtest.h:21207:11: warning: comparison of integer expressions of different signedness: ‘const unsigned int’ and ‘const int’ [-Wsign-compare]
21207 |   if (lhs == rhs) {
      |       ~~~~^~~~~~
