In file included from ../../../../../taller1/test_recordatorios.cpp:2:
./Recordatorios.cpp: In member function ‘void Fecha::incrementar_dia()’:
./Recordatorios.cpp:60:17: warning: comparison of integer expressions of different signedness: ‘int’ and ‘uint’ {aka ‘unsigned int’} [-Wsign-compare]
   60 |         if(_dia == dias_en_mes(11)){ //Happy New Year :)
      |            ~~~~~^~~~~~~~~~~~~~~~~~
./Recordatorios.cpp:67:17: warning: comparison of integer expressions of different signedness: ‘int’ and ‘uint’ {aka ‘unsigned int’} [-Wsign-compare]
   67 |         if(_dia == dias_en_mes(_mes)){
      |            ~~~~~^~~~~~~~~~~~~~~~~~~~
./Recordatorios.cpp: In function ‘std::__cxx11::list<Recordatorio> ordenarLista(std::__cxx11::list<Recordatorio>)’:
./Recordatorios.cpp:191:23: warning: comparison of integer expressions of different signedness: ‘int’ and ‘std::vector<Recordatorio>::size_type’ {aka ‘long unsigned int’} [-Wsign-compare]
  191 |     for (int i = 0; i < aux.size(); ++i) {
      |                     ~~^~~~~~~~~~~~
./Recordatorios.cpp:192:27: warning: comparison of integer expressions of different signedness: ‘int’ and ‘std::vector<Recordatorio>::size_type’ {aka ‘long unsigned int’} [-Wsign-compare]
  192 |         for (int j = 0; j < aux.size(); ++j) {
      |                         ~~^~~~~~~~~~~~
./Recordatorios.cpp:200:23: warning: comparison of integer expressions of different signedness: ‘int’ and ‘std::vector<Recordatorio>::size_type’ {aka ‘long unsigned int’} [-Wsign-compare]
  200 |     for (int i = 0; i < aux.size(); ++i) {
      |                     ~~^~~~~~~~~~~~
In file included from ../../../../../taller1/test_recordatorios.cpp:1:
../../../../../taller1/google-test/gtest-1.8.1/gtest.h: In instantiation of ‘testing::AssertionResult testing::internal::CmpHelperEQ(const char*, const char*, const T1&, const T2&) [with T1 = unsigned int; T2 = int]’:
../../../../../taller1/google-test/gtest-1.8.1/gtest.h:21235:23:   required from ‘static testing::AssertionResult testing::internal::EqHelper<lhs_is_null_literal>::Compare(const char*, const char*, const T1&, const T2&) [with T1 = unsigned int; T2 = int; bool lhs_is_null_literal = false]’
../../../../../taller1/test_recordatorios.cpp:76:3:   required from here
../../../../../taller1/google-test/gtest-1.8.1/gtest.h:21207:11: warning: comparison of integer expressions of different signedness: ‘const unsigned int’ and ‘const int’ [-Wsign-compare]
21207 |   if (lhs == rhs) {
      |       ~~~~^~~~~~
